<?xml version="1.0" encoding="UTF-8"?>
<!-- Generated by org.testng.reporters.JUnitReportReporter -->
<testsuite hostname="DESKTOP-6KLV0L6" failures="0" tests="1" name="com.framework.testCases.LoginPageTest" time="7.203" errors="0" timestamp="2023-09-12T16:21:25 IST" skipped="0">
  <testcase classname="com.framework.testCases.LoginPageTest" name="loginTest" time="7.203"/>
</testsuite> <!-- com.framework.testCases.LoginPageTest -->
