<?xml version="1.0" encoding="UTF-8"?>
<!-- Generated by org.testng.reporters.JUnitReportReporter -->
<testsuite hostname="DESKTOP-6KLV0L6" failures="0" tests="1" name="com.framework.testCases.HomePageTestSM" time="53.186" errors="0" timestamp="2023-09-14T16:52:16 IST" skipped="0">
  <testcase classname="com.framework.testCases.HomePageTestSM" name="homepageTestSM" time="53.186"/>
</testsuite> <!-- com.framework.testCases.HomePageTestSM -->
