<?xml version="1.0" encoding="UTF-8"?>
<!-- Generated by org.testng.reporters.JUnitReportReporter -->
<testsuite hostname="DESKTOP-6KLV0L6" failures="0" tests="1" name="com.framework.testCases.RunnerTest" time="4.177" errors="0" timestamp="2023-09-12T11:35:04 IST" skipped="0">
  <testcase classname="com.framework.testCases.RunnerTest" name="runnerTest" time="4.177"/>
</testsuite> <!-- com.framework.testCases.RunnerTest -->
