<?xml version="1.0" encoding="UTF-8"?>
<!-- Generated by org.testng.reporters.JUnitReportReporter -->
<testsuite hostname="DESKTOP-6KLV0L6" failures="0" tests="1" name="com.framework.testCases.LoginPageTestSM" time="6.821" errors="0" timestamp="2023-09-13T11:52:03 IST" skipped="0">
  <testcase classname="com.framework.testCases.LoginPageTestSM" name="loginTestsm" time="6.821"/>
</testsuite> <!-- com.framework.testCases.LoginPageTestSM -->
