<?xml version="1.0" encoding="UTF-8"?>
<!-- Generated by org.testng.reporters.JUnitReportReporter -->
<testsuite hostname="DESKTOP-6KLV0L6" failures="0" tests="1" name="com.framework.testCases.HomePageTestSH" time="57.418" errors="0" timestamp="2023-09-14T16:52:16 IST" skipped="0">
  <testcase classname="com.framework.testCases.HomePageTestSH" name="homepageTestSH" time="57.418"/>
</testsuite> <!-- com.framework.testCases.HomePageTestSH -->
