<?xml version="1.0" encoding="UTF-8"?>
<!-- Generated by org.testng.reporters.JUnitReportReporter -->
<testsuite hostname="DESKTOP-6KLV0L6" failures="0" tests="1" name="com.framework.testCases.HomePageTestSE" time="54.927" errors="0" timestamp="2023-09-13T22:35:24 IST" skipped="0">
  <testcase classname="com.framework.testCases.HomePageTestSE" name="homepageTest" time="54.927"/>
</testsuite> <!-- com.framework.testCases.HomePageTestSE -->
