<?xml version="1.0" encoding="UTF-8"?>
<!-- Generated by org.testng.reporters.JUnitReportReporter -->
<testsuite hostname="DESKTOP-6KLV0L6" failures="0" tests="1" name="Sample.C_Zentrix" time="106.739" errors="0" timestamp="2023-09-08T14:48:08 IST" skipped="0">
  <testcase classname="Sample.C_Zentrix" name="main" time="106.739"/>
  <system-out/>
</testsuite> <!-- Sample.C_Zentrix -->
