<?xml version="1.0" encoding="UTF-8"?>
<!-- Generated by org.testng.reporters.JUnitReportReporter -->
<testsuite hostname="DESKTOP-6KLV0L6" failures="0" tests="1" name="com.framework.testCases.LoginPageTestSE" time="6.389" errors="0" timestamp="2023-09-13T11:52:03 IST" skipped="0">
  <testcase classname="com.framework.testCases.LoginPageTestSE" name="loginTest" time="6.389"/>
</testsuite> <!-- com.framework.testCases.LoginPageTestSE -->
