<?xml version="1.0" encoding="UTF-8"?>
<!-- Generated by org.testng.reporters.JUnitReportReporter -->
<testsuite hostname="DESKTOP-6KLV0L6" failures="0" tests="1" name="com.framework.testCases.RunnerClass" time="87.064" errors="0" timestamp="2023-09-12T09:43:12 IST" skipped="0">
  <testcase classname="com.framework.testCases.RunnerClass" name="RunnerTest" time="87.064"/>
</testsuite> <!-- com.framework.testCases.RunnerClass -->
